<?xml version="1.0" encoding="UTF-8"?>
<testng-results ignored="0" total="1" passed="1" failed="0" skipped="0">
  <reporter-output>
  </reporter-output>
  <suite started-at="2025-08-01T22:34:51 IST" name="Default suite" finished-at="2025-08-01T22:35:55 IST" duration-ms="63890">
    <groups>
    </groups>
    <test started-at="2025-08-01T22:34:51 IST" name="Default test" finished-at="2025-08-01T22:35:55 IST" duration-ms="63890">
      <class name="tests.TestTrainBooking">
        <test-method is-config="true" signature="setUp()[pri:0, instance:tests.TestTrainBooking@2421cc4]" started-at="2025-08-01T22:34:51 IST" name="setUp" finished-at="2025-08-01T22:35:01 IST" duration-ms="9871" status="PASS">
          <reporter-output>
          </reporter-output>
        </test-method> <!-- setUp -->
        <test-method signature="trainBookingFlow()[pri:0, instance:tests.TestTrainBooking@2421cc4]" started-at="2025-08-01T22:35:01 IST" name="trainBookingFlow" finished-at="2025-08-01T22:35:54 IST" duration-ms="52582" status="PASS">
          <reporter-output>
          </reporter-output>
        </test-method> <!-- trainBookingFlow -->
        <test-method is-config="true" signature="tearDown()[pri:0, instance:tests.TestTrainBooking@2421cc4]" started-at="2025-08-01T22:35:54 IST" name="tearDown" finished-at="2025-08-01T22:35:55 IST" duration-ms="1178" status="PASS">
          <reporter-output>
          </reporter-output>
        </test-method> <!-- tearDown -->
      </class> <!-- tests.TestTrainBooking -->
    </test> <!-- Default test -->
  </suite> <!-- Default suite -->
</testng-results>
